<?xml version="1.0" encoding="UTF-8"?>
<!-- Generated by org.testng.reporters.JUnitReportReporter -->
<testsuite hostname="pixbit" failures="0" tests="1" name="mortgagejournytestfiles.JournyAlertMessages" time="5.588" errors="0" timestamp="2023-06-14T19:06:46 IST" skipped="0">
  <testcase classname="mortgagejournytestfiles.JournyAlertMessages" name="dateOfBirthAlert_17" time="5.588"/>
  <system-out/>
</testsuite> <!-- mortgagejournytestfiles.JournyAlertMessages -->
