<?xml version="1.0" encoding="UTF-8"?>
<!-- Generated by org.testng.reporters.JUnitReportReporter -->
<testsuite hostname="pixbit" failures="0" tests="1" name="mortgagewebsiteconttesting.VerifyTestimonial" time="7.816" errors="0" timestamp="2023-07-06T19:12:32 IST" skipped="0">
  <testcase classname="mortgagewebsiteconttesting.VerifyTestimonial" name="testimonialVerification_BALARAM_BALIARSINGH" time="7.816"/>
  <system-out/>
</testsuite> <!-- mortgagewebsiteconttesting.VerifyTestimonial -->
