<?xml version="1.0" encoding="UTF-8"?>
<!-- Generated by org.testng.reporters.JUnitReportReporter -->
<testsuite hostname="pixbit" failures="0" tests="1" name="adminsidetestfiles.VerifyMortgageProposel" time="0.000" errors="0" timestamp="2023-05-16T15:21:02 IST" skipped="1">
  <testcase classname="adminsidetestfiles.VerifyMortgageProposel" name="mortgageproposelverification" time="0.000">
    <skipped/>
  </testcase> <!-- mortgageproposelverification -->
  <system-out/>
</testsuite> <!-- adminsidetestfiles.VerifyMortgageProposel -->
