<?xml version="1.0" encoding="UTF-8"?>
<!-- Generated by org.testng.reporters.JUnitReportReporter -->
<testsuite hostname="pixbit" failures="0" tests="4" name="calculatortestfiles.calculatordataadding" time="28.113" errors="0" timestamp="2023-02-17T09:49:21 IST" skipped="0">
  <testcase classname="calculatortestfiles.calculatordataadding" name="intrest_rate_entering" time="1.505"/>
  <system-out/>
  <testcase classname="calculatortestfiles.calculatordataadding" name="property_down_payment_selection" time="11.890"/>
  <system-out/>
  <testcase classname="calculatortestfiles.calculatordataadding" name="property_termyear_selection" time="12.520"/>
  <system-out/>
  <testcase classname="calculatortestfiles.calculatordataadding" name="property_value_adding" time="2.198"/>
  <system-out/>
</testsuite> <!-- calculatortestfiles.calculatordataadding -->
