<?xml version="1.0" encoding="UTF-8"?>
<!-- Generated by org.testng.reporters.JUnitReportReporter -->
<testsuite hostname="pixbit" failures="0" tests="1" name="mortgagejournytestfiles.AvailMortgage" time="11.722" errors="0" timestamp="2023-07-10T15:34:08 IST" skipped="0">
  <testcase classname="mortgagejournytestfiles.AvailMortgage" name="existing_mortgage_journy_case_3" time="11.722"/>
  <system-out/>
</testsuite> <!-- mortgagejournytestfiles.AvailMortgage -->
