<?xml version="1.0" encoding="UTF-8"?>
<!-- Generated by org.testng.reporters.JUnitReportReporter -->
<testsuite hostname="pixbit" failures="0" tests="1" name="calculatortestfiles.verifymonthlyemi" time="3.670" errors="0" timestamp="2023-05-16T15:24:33 IST" skipped="0">
  <testcase classname="calculatortestfiles.verifymonthlyemi" name="verifyCalculatedEmi" time="3.670"/>
  <system-out/>
</testsuite> <!-- calculatortestfiles.verifymonthlyemi -->
