<?xml version="1.0" encoding="UTF-8"?>
<!-- Generated by org.testng.reporters.JUnitReportReporter -->
<testsuite hostname="pixbit" failures="0" tests="1" name="mortgagewebsiteconttesting.VerifyPageTitles" time="4.466" errors="0" timestamp="2023-06-20T12:03:56 IST" skipped="0">
  <testcase classname="mortgagewebsiteconttesting.VerifyPageTitles" name="verifyPageTitle" time="4.466"/>
  <system-out/>
</testsuite> <!-- mortgagewebsiteconttesting.VerifyPageTitles -->
