<?xml version="1.0" encoding="UTF-8"?>
<!-- Generated by org.testng.reporters.JUnitReportReporter -->
<testsuite hostname="pixbit" failures="0" tests="1" name="testfiles.availmortgage" time="13.369" errors="0" timestamp="2023-02-15T10:23:08 IST" skipped="0">
  <testcase classname="testfiles.availmortgage" name="new_property_purchase_case_1" time="13.369"/>
  <system-out/>
</testsuite> <!-- testfiles.availmortgage -->
